#home/biqu/*
#usr/arm-none-eabi/lib/thumb/v6-m*
#usr/arm-none-eabi/lib/thumb/v7-m*
#usr/arm-none-eabi/lib/thumb/v7/*
#usr/arm-none-eabi/lib/thumb/v7e-m+fp*
#usr/lib/gcc/arm-none-eabi/14/thumb/v6-m*
#usr/lib/gcc/arm-none-eabi/14/thumb/v7-m*
#usr/lib/gcc/arm-none-eabi/14/thumb/v7/*
#usr/lib/gcc/arm-none-eabi/14/thumb/v7e-m+fp*
#usr/share/mc*
boot/*
media/*
root/*
usr/arm-none-eabi/lib/arm*
usr/arm-none-eabi/lib/thumb/v7+fp*
usr/arm-none-eabi/lib/thumb/v7-a+fp*
usr/arm-none-eabi/lib/thumb/v7-a+simd*
usr/arm-none-eabi/lib/thumb/v7-a/*
usr/arm-none-eabi/lib/thumb/v7-r+fp.sp*
usr/arm-none-eabi/lib/thumb/v7e-m+dp*
usr/arm-none-eabi/lib/thumb/v7ve+simd*
usr/arm-none-eabi/lib/thumb/v8-a+simd*
usr/arm-none-eabi/lib/thumb/v8-a/*
usr/arm-none-eabi/lib/thumb/v8-m.base*
usr/arm-none-eabi/lib/thumb/v8-m.main*
usr/arm-none-eabi/lib/thumb/v8-m.main+dp*
usr/arm-none-eabi/lib/thumb/v8-m.main+fp*
usr/arm-none-eabi/lib/thumb/v8.1-m.main+mve*
usr/arm-none-eabi/lib/thumb/v8.1-m.main+pacbti*
usr/arm-none-eabi/lib/thumb/v8.1-m.main+pacbti+dp*
usr/arm-none-eabi/lib/thumb/v8.1-m.main+pacbti+fp*
usr/arm-none-eabi/lib/thumb/v8.1-m.main+pacbti+mve*
usr/lib/gcc/arm-none-eabi/15/arm*
usr/lib/gcc/arm-none-eabi/15/thumb/v7+fp*
usr/lib/gcc/arm-none-eabi/15/thumb/v7-a+fp*
usr/lib/gcc/arm-none-eabi/15/thumb/v7-a+simd*
usr/lib/gcc/arm-none-eabi/15/thumb/v7-a/*
usr/lib/gcc/arm-none-eabi/15/thumb/v7-r+fp.sp*
usr/lib/gcc/arm-none-eabi/15/thumb/v7e-m+dp*
usr/lib/gcc/arm-none-eabi/15/thumb/v7ve+simd*
usr/lib/gcc/arm-none-eabi/15/thumb/v8-a+simd*
usr/lib/gcc/arm-none-eabi/15/thumb/v8-a/*
usr/lib/gcc/arm-none-eabi/15/thumb/v8-m.base*
usr/lib/gcc/arm-none-eabi/15/thumb/v8-m.main*
usr/lib/gcc/arm-none-eabi/15/thumb/v8-m.main+dp*
usr/lib/gcc/arm-none-eabi/15/thumb/v8-m.main+fp*
usr/lib/gcc/arm-none-eabi/15/thumb/v8.1-m.main+mve*
usr/lib/gcc/arm-none-eabi/15/thumb/v8.1-m.main+pacbti*
usr/lib/gcc/arm-none-eabi/15/thumb/v8.1-m.main+pacbti+dp*
usr/lib/gcc/arm-none-eabi/15/thumb/v8.1-m.main+pacbti+fp*
usr/lib/gcc/arm-none-eabi/15/thumb/v8.1-m.main+pacbti+mve*
usr/lib/python3.13/test*
usr/lib64/gconv*
usr/lib64/perl5*
usr/portage/*
usr/share/binutils-data*
usr/share/cmake*
usr/share/doc*
usr/share/gcc-data*
usr/share/genkernel*
usr/share/gir-*
usr/share/groff*
usr/share/gtk-3*
usr/share/gtk-doc*
usr/share/i18n*
usr/share/icons*
usr/share/locale*
usr/share/misc*
usr/share/sgml*
usr/share/textinfo*
usr/share/vala*
usr/share/vala-0.56*
usr/src/*
var/cache/*
var/db/*
var/log/*.log
